Added Component: Designator=P5(HDR1X2)
Add component (AddParameter): Name = "LatestRevisionDate"; Value = "17-Jul-2002"; VariantName = "[No Variations]"
Add component (AddParameter): Name = "LatestRevisionNote"; Value = "Re-released for DXP Platform."; VariantName = "[No Variations]"
Add component (AddParameter): Name = "Publisher"; Value = "Altium Limited"; VariantName = "[No Variations]"
Added Component: Designator=P6(HDR1X2)
Add component (AddParameter): Name = "LatestRevisionDate"; Value = "17-Jul-2002"; VariantName = "[No Variations]"
Add component (AddParameter): Name = "LatestRevisionNote"; Value = "Re-released for DXP Platform."; VariantName = "[No Variations]"
Add component (AddParameter): Name = "Publisher"; Value = "Altium Limited"; VariantName = "[No Variations]"
Added Pin To Net: NetName=ANA_SISTEM_1 Pin=P5-1
Added Pin To Net: NetName=ANA_SISTEM_1 Pin=U-9
Added Net: Name=ANA_SISTEM_1
Added Pin To Net: NetName=ANA_SISTEM_2 Pin=P5-2
Added Pin To Net: NetName=ANA_SISTEM_2 Pin=U-8
Added Net: Name=ANA_SISTEM_2
Added Pin To Net: NetName=YEDEK_SISTEM_1 Pin=P6-1
Added Pin To Net: NetName=YEDEK_SISTEM_1 Pin=U-7
Added Net: Name=YEDEK_SISTEM_1
Added Pin To Net: NetName=YEDEK_SISTEM_2 Pin=P6-2
Added Pin To Net: NetName=YEDEK_SISTEM_2 Pin=U-6
Added Net: Name=YEDEK_SISTEM_2
Added Member To Class: ClassName=ServoSurucuSematik Member=Component P5 Header 2
Added Member To Class: ClassName=ServoSurucuSematik Member=Component P6 Header 2
